\\warehouse2.seasad.wustl.edu\home\zengpeiyun\winprofile\desktop\lab4_edit\lab4\debug\lab4.pch
\\warehouse2.seasad.wustl.edu\home\zengpeiyun\winprofile\desktop\lab4_edit\lab4\debug\vc120.pdb
\\warehouse2.seasad.wustl.edu\home\zengpeiyun\winprofile\desktop\lab4_edit\lab4\debug\vc120.idb
\\warehouse2.seasad.wustl.edu\home\zengpeiyun\winprofile\desktop\lab4_edit\lab4\debug\stdafx.obj
\\warehouse2.seasad.wustl.edu\home\zengpeiyun\winprofile\desktop\lab4_edit\lab4\debug\card.obj
\\warehouse2.seasad.wustl.edu\home\zengpeiyun\winprofile\desktop\lab4_edit\lab4\debug\deck.obj
\\warehouse2.seasad.wustl.edu\home\zengpeiyun\winprofile\desktop\lab4_edit\lab4\debug\fivecarddraw.obj
\\warehouse2.seasad.wustl.edu\home\zengpeiyun\winprofile\desktop\lab4_edit\lab4\debug\game.obj
\\warehouse2.seasad.wustl.edu\home\zengpeiyun\winprofile\desktop\lab4_edit\lab4\debug\hand.obj
\\warehouse2.seasad.wustl.edu\home\zengpeiyun\winprofile\desktop\lab4_edit\lab4\debug\lab4.obj
\\warehouse2.seasad.wustl.edu\home\zengpeiyun\winprofile\desktop\lab4_edit\lab4\debug\player.obj
\\warehouse2.seasad.wustl.edu\home\zengpeiyun\winprofile\desktop\lab4_edit\debug\lab4.ilk
\\warehouse2.seasad.wustl.edu\home\zengpeiyun\winprofile\desktop\lab4_edit\debug\lab4.exe
\\warehouse2.seasad.wustl.edu\home\zengpeiyun\winprofile\desktop\lab4_edit\debug\lab4.pdb
\\warehouse2.seasad.wustl.edu\home\zengpeiyun\winprofile\desktop\lab4_edit\lab4\debug\lab4.tlog\cl.read.1.tlog
\\warehouse2.seasad.wustl.edu\home\zengpeiyun\winprofile\desktop\lab4_edit\lab4\debug\lab4.tlog\cl.write.1.tlog
\\warehouse2.seasad.wustl.edu\home\zengpeiyun\winprofile\desktop\lab4_edit\lab4\debug\lab4.tlog\cl.command.1.tlog
\\warehouse2.seasad.wustl.edu\home\zengpeiyun\winprofile\desktop\lab4_edit\lab4\debug\lab4.tlog\link.command.1.tlog
\\warehouse2.seasad.wustl.edu\home\zengpeiyun\winprofile\desktop\lab4_edit\lab4\debug\lab4.tlog\link.read.1.tlog
\\warehouse2.seasad.wustl.edu\home\zengpeiyun\winprofile\desktop\lab4_edit\lab4\debug\lab4.tlog\link.write.1.tlog
