Build started 4/26/2015 2:48:56 AM.
     1>Project "\\warehouse2.seasad.wustl.edu\home\zengpeiyun\winprofile\desktop\lab4_Debugging_SevenCard\lab4\lab4.vcxproj" on node 2 (Rebuild target(s)).
     1>ClCompile:
         C:\Program Files (x86)\Microsoft Visual Studio 12.0\VC\bin\CL.exe /c /ZI /nologo /W3 /WX- /sdl /Od /Oy- /D WIN32 /D _DEBUG /D _CONSOLE /D _LIB /D _UNICODE /D UNICODE /Gm /EHsc /RTC1 /MDd /GS /fp:precise /Zc:wchar_t /Zc:forScope /Yc"stdafx.h" /Fp"Debug\lab4.pch" /Fo"Debug\\" /Fd"Debug\vc120.pdb" /Gd /TP /analyze- /errorReport:prompt stdafx.cpp
         stdafx.cpp
         C:\Program Files (x86)\Microsoft Visual Studio 12.0\VC\bin\CL.exe /c /ZI /nologo /W3 /WX- /sdl /Od /Oy- /D WIN32 /D _DEBUG /D _CONSOLE /D _LIB /D _UNICODE /D UNICODE /Gm /EHsc /RTC1 /MDd /GS /fp:precise /Zc:wchar_t /Zc:forScope /Yu"stdafx.h" /Fp"Debug\lab4.pch" /Fo"Debug\\" /Fd"Debug\vc120.pdb" /Gd /TP /analyze- /errorReport:prompt Card.cpp Deck.cpp FiveCardDraw.cpp functions.cpp Game.cpp Hand.cpp lab4.cpp Player.cpp SevenCardStud.cpp TexasHoldEm.cpp
         TexasHoldEm.cpp
     1>\\warehouse2.seasad.wustl.edu\home\zengpeiyun\winprofile\desktop\lab4_debugging_sevencard\lab4\texasholdem.cpp(569): warning C4018: '<' : signed/unsigned mismatch
     1>\\warehouse2.seasad.wustl.edu\home\zengpeiyun\winprofile\desktop\lab4_debugging_sevencard\lab4\texasholdem.cpp(620): warning C4018: '<' : signed/unsigned mismatch
         SevenCardStud.cpp
     1>\\warehouse2.seasad.wustl.edu\home\zengpeiyun\winprofile\desktop\lab4_debugging_sevencard\lab4\sevencardstud.cpp(571): warning C4018: '<' : signed/unsigned mismatch
     1>\\warehouse2.seasad.wustl.edu\home\zengpeiyun\winprofile\desktop\lab4_debugging_sevencard\lab4\sevencardstud.cpp(620): warning C4018: '<' : signed/unsigned mismatch
         Player.cpp
         lab4.cpp
         Hand.cpp
         Game.cpp
     1>\\warehouse2.seasad.wustl.edu\home\zengpeiyun\winprofile\desktop\lab4_debugging_sevencard\lab4\game.cpp(76): warning C4101: 'e' : unreferenced local variable
         functions.cpp
         FiveCardDraw.cpp
     1>\\warehouse2.seasad.wustl.edu\home\zengpeiyun\winprofile\desktop\lab4_debugging_sevencard\lab4\fivecarddraw.cpp(810): warning C4018: '<' : signed/unsigned mismatch
         Deck.cpp
         Card.cpp
         Generating Code...
     1>\\warehouse2.seasad.wustl.edu\home\zengpeiyun\winprofile\desktop\lab4_debugging_sevencard\lab4\sevencardstud.cpp(589): warning C4715: 'SevenCardStud::firstphase' : not all control paths return a value
     1>\\warehouse2.seasad.wustl.edu\home\zengpeiyun\winprofile\desktop\lab4_debugging_sevencard\lab4\sevencardstud.cpp(635): warning C4715: 'SevenCardStud::middle_phase' : not all control paths return a value
     1>\\warehouse2.seasad.wustl.edu\home\zengpeiyun\winprofile\desktop\lab4_debugging_sevencard\lab4\sevencardstud.cpp(693): warning C4715: 'SevenCardStud::round' : not all control paths return a value
     1>\\warehouse2.seasad.wustl.edu\home\zengpeiyun\winprofile\desktop\lab4_debugging_sevencard\lab4\texasholdem.cpp(588): warning C4715: 'TexasHoldEm::firstphase' : not all control paths return a value
     1>\\warehouse2.seasad.wustl.edu\home\zengpeiyun\winprofile\desktop\lab4_debugging_sevencard\lab4\texasholdem.cpp(635): warning C4715: 'TexasHoldEm::middle_phase' : not all control paths return a value
     1>\\warehouse2.seasad.wustl.edu\home\zengpeiyun\winprofile\desktop\lab4_debugging_sevencard\lab4\texasholdem.cpp(695): warning C4715: 'TexasHoldEm::round' : not all control paths return a value
       Link:
         C:\Program Files (x86)\Microsoft Visual Studio 12.0\VC\bin\link.exe /ERRORREPORT:PROMPT /OUT:"\\warehouse2.seasad.wustl.edu\home\zengpeiyun\winprofile\desktop\lab4_Debugging_SevenCard\Debug\lab4.exe" /INCREMENTAL /NOLOGO kernel32.lib user32.lib gdi32.lib winspool.lib comdlg32.lib advapi32.lib shell32.lib ole32.lib oleaut32.lib uuid.lib odbc32.lib odbccp32.lib /MANIFEST /MANIFESTUAC:"level='asInvoker' uiAccess='false'" /manifest:embed /DEBUG /PDB:"\\warehouse2.seasad.wustl.edu\home\zengpeiyun\winprofile\desktop\lab4_Debugging_SevenCard\Debug\lab4.pdb" /SUBSYSTEM:CONSOLE /TLBID:1 /DYNAMICBASE /NXCOMPAT /IMPLIB:"\\warehouse2.seasad.wustl.edu\home\zengpeiyun\winprofile\desktop\lab4_Debugging_SevenCard\Debug\lab4.lib" /MACHINE:X86 Debug\Card.obj
         Debug\Deck.obj
         Debug\FiveCardDraw.obj
         Debug\functions.obj
         Debug\Game.obj
         Debug\Hand.obj
         Debug\lab4.obj
         Debug\Player.obj
         Debug\SevenCardStud.obj
         Debug\stdafx.obj
         Debug\TexasHoldEm.obj
         lab4.vcxproj -> \\warehouse2.seasad.wustl.edu\home\zengpeiyun\winprofile\desktop\lab4_Debugging_SevenCard\Debug\lab4.exe
     1>Done Building Project "\\warehouse2.seasad.wustl.edu\home\zengpeiyun\winprofile\desktop\lab4_Debugging_SevenCard\lab4\lab4.vcxproj" (Rebuild target(s)).

Build succeeded.

Time Elapsed 00:00:08.20
