Build started 12/7/2014 6:11:27 PM.
     1>Project "\\warehouse2.seasad.wustl.edu\home\nowusu\my documents\visual studio 2013\Projects\advanced_inheritance\advanced_inheritance\advanced_inheritance.vcxproj" on node 2 (Build target(s)).
     1>ClCompile:
         C:\Program Files (x86)\Microsoft Visual Studio 12.0\VC\bin\CL.exe /c /ZI /nologo /W3 /WX- /sdl /Od /Oy- /D WIN32 /D _DEBUG /D _CONSOLE /D _LIB /D _UNICODE /D UNICODE /Gm /EHsc /RTC1 /MDd /GS /fp:precise /Zc:wchar_t /Zc:forScope /Yu"stdafx.h" /Fp"Debug\advanced_inheritance.pch" /Fo"Debug\\" /Fd"Debug\vc120.pdb" /Gd /TP /analyze- /errorReport:prompt advanced_inheritance.cpp animal.cpp bear.cpp grizzly.cpp panda.cpp
         panda.cpp
         grizzly.cpp
         animal.cpp
         advanced_inheritance.cpp
         Generating Code...
         Compiling...
         bear.cpp
         Generating Code...
       Link:
         C:\Program Files (x86)\Microsoft Visual Studio 12.0\VC\bin\link.exe /ERRORREPORT:PROMPT /OUT:"\\warehouse2.seasad.wustl.edu\home\nowusu\my documents\visual studio 2013\Projects\advanced_inheritance\Debug\advanced_inheritance.exe" /INCREMENTAL /NOLOGO kernel32.lib user32.lib gdi32.lib winspool.lib comdlg32.lib advapi32.lib shell32.lib ole32.lib oleaut32.lib uuid.lib odbc32.lib odbccp32.lib /MANIFEST /MANIFESTUAC:"level='asInvoker' uiAccess='false'" /manifest:embed /DEBUG /PDB:"\\warehouse2.seasad.wustl.edu\home\nowusu\my documents\visual studio 2013\Projects\advanced_inheritance\Debug\advanced_inheritance.pdb" /SUBSYSTEM:CONSOLE /TLBID:1 /DYNAMICBASE /NXCOMPAT /IMPLIB:"\\warehouse2.seasad.wustl.edu\home\nowusu\my documents\visual studio 2013\Projects\advanced_inheritance\Debug\advanced_inheritance.lib" /MACHINE:X86 Debug\advanced_inheritance.obj
         Debug\animal.obj
         Debug\bear.obj
         Debug\endangered.obj
         Debug\grizzly.obj
         Debug\panda.obj
         Debug\stdafx.obj
         advanced_inheritance.vcxproj -> \\warehouse2.seasad.wustl.edu\home\nowusu\my documents\visual studio 2013\Projects\advanced_inheritance\Debug\advanced_inheritance.exe
     1>Done Building Project "\\warehouse2.seasad.wustl.edu\home\nowusu\my documents\visual studio 2013\Projects\advanced_inheritance\advanced_inheritance\advanced_inheritance.vcxproj" (Build target(s)).

Build succeeded.

Time Elapsed 00:00:03.00
